#
# There is insufficient memory for the Java Runtime Environment to continue.
# Native memory allocation (mmap) failed to map 266338304 bytes for G1 virtual space
# Possible reasons:
#   The system is out of physical RAM or swap space
#   The process is running with CompressedOops enabled, and the Java Heap may be blocking the growth of the native heap
# Possible solutions:
#   Reduce memory load on the system
#   Increase physical memory or swap space
#   Check if swap backing store is full
#   Decrease Java heap size (-Xmx/-Xms)
#   Decrease number of Java threads
#   Decrease Java thread stack sizes (-Xss)
#   Set larger code cache with -XX:ReservedCodeCacheSize=
#   JVM is running with Zero Based Compressed Oops mode in which the Java heap is
#     placed in the first 32GB address space. The Java Heap base address is the
#     maximum limit for the native heap growth. Please use -XX:HeapBaseMinAddress
#     to set the Java Heap base and to place the Java Heap above 32GB virtual address.
# This output file may be truncated or incomplete.
#
#  Out of Memory Error (os_windows.cpp:3600), pid=23264, tid=10636
#
# JRE version:  (21.0.2+13) (build )
# Java VM: OpenJDK 64-Bit Server VM (21.0.2+13-LTS, mixed mode, sharing, tiered, compressed oops, compressed class ptrs, g1 gc, windows-amd64)
# No core dump will be written. Minidumps are not enabled by default on client versions of Windows
#

---------------  S U M M A R Y ------------

Command Line: -javaagent:C:\Program Files\JetBrains\IntelliJ IDEA Community Edition 2024.3.1.1\lib\idea_rt.jar=56330:C:\Program Files\JetBrains\IntelliJ IDEA Community Edition 2024.3.1.1\bin -Dfile.encoding=UTF-8 -Dsun.stdout.encoding=UTF-8 -Dsun.stderr.encoding=UTF-8 com.maorbarak.MainKt

Host: Intel(R) Core(TM) i7-8750H CPU @ 2.20GHz, 12 cores, 15G,  Windows 10 , 64 bit Build 19041 (10.0.19041.5438)
Time: Sat Feb 22 12:46:40 2025 Jerusalem Standard Time elapsed time: 0.012304 seconds (0d 0h 0m 0s)

---------------  T H R E A D  ---------------

Current thread (0x000001efe0c56810):  JavaThread "Unknown thread" [_thread_in_vm, id=10636, stack(0x00000071abc00000,0x00000071abd00000) (1024K)]

Stack: [0x00000071abc00000,0x00000071abd00000]
Native frames: (J=compiled Java code, j=interpreted, Vv=VM code, C=native code)
V  [jvm.dll+0x6d47c9]
V  [jvm.dll+0x8afd41]
V  [jvm.dll+0x8b20ae]
V  [jvm.dll+0x8b2793]
V  [jvm.dll+0x287836]
V  [jvm.dll+0x6d0ea5]
V  [jvm.dll+0x6c589a]
V  [jvm.dll+0x35ccda]
V  [jvm.dll+0x3648b6]
V  [jvm.dll+0x3b5f6e]
V  [jvm.dll+0x3b6218]
V  [jvm.dll+0x33062c]
V  [jvm.dll+0x3311bb]
V  [jvm.dll+0x878069]
V  [jvm.dll+0x3c32f1]
V  [jvm.dll+0x8608e8]
V  [jvm.dll+0x456ebe]
V  [jvm.dll+0x458981]
C  [jli.dll+0x52a3]
C  [ucrtbase.dll+0x21bb2]
C  [KERNEL32.DLL+0x17374]
C  [ntdll.dll+0x4cc91]


---------------  P R O C E S S  ---------------

Threads class SMR info:
_java_thread_list=0x00007ff8acae0108, length=0, elements={
}

Java Threads: ( => current thread )
Total: 0

Other Threads:
  0x000001efe0f64e60 WorkerThread "GC Thread#0"                     [id=28112, stack(0x00000071abd00000,0x00000071abe00000) (1024K)]
  0x000001efe0f75dc0 ConcurrentGCThread "G1 Main Marker"            [id=29064, stack(0x00000071abe00000,0x00000071abf00000) (1024K)]
  0x000001efe0f77070 WorkerThread "G1 Conc#0"                       [id=11324, stack(0x00000071abf00000,0x00000071ac000000) (1024K)]

[error occurred during error reporting (printing all threads), id 0xc0000005, EXCEPTION_ACCESS_VIOLATION (0xc0000005) at pc=0x00007ff8ac1e37b7]
VM state: not at safepoint (not fully initialized)

VM Mutex/Monitor currently owned by a thread:  ([mutex/lock_event])
[0x00007ff8acb54a88] Heap_lock - owner thread: 0x000001efe0c56810

Heap address: 0x0000000702400000, size: 4060 MB, Compressed Oops mode: Zero based, Oop shift amount: 3

CDS archive(s) mapped at: [0x0000000000000000-0x0000000000000000-0x0000000000000000), size 0, SharedBaseAddress: 0x0000000800000000, ArchiveRelocationMode: 1.
Narrow klass base: 0x0000000000000000, Narrow klass shift: 0, Narrow klass range: 0x0

GC Precious Log:
 CardTable entry size: 512
 Card Set container configuration: InlinePtr #cards 4 size 8 Array Of Cards #cards 16 size 48 Howl #buckets 8 coarsen threshold 3686 Howl Bitmap #cards 512 size 80 coarsen threshold 460 Card regions per heap region 1 cards per card region 4096

Heap:
 garbage-first heap   total 0K, used 0K [0x0000000702400000, 0x0000000800000000)
  region size 2048K, 0 young (0K), 0 survivors (0K)

[error occurred during error reporting (printing heap information), id 0xc0000005, EXCEPTION_ACCESS_VIOLATION (0xc0000005) at pc=0x00007ff8ac5cd539]
GC Heap History (0 events):
No events

Dll operation events (1 events):
Event: 0.008 Loaded shared library C:\Program Files\Zulu\zulu-21\bin\java.dll

Deoptimization events (0 events):
No events

Classes loaded (0 events):
No events

Classes unloaded (0 events):
No events

Classes redefined (0 events):
No events

Internal exceptions (0 events):
No events

ZGC Phase Switch (0 events):
No events

VM Operations (0 events):
No events

Events (0 events):
No events


Dynamic libraries:
0x00007ff6a1fe0000 - 0x00007ff6a1fee000 	C:\Program Files\Zulu\zulu-21\bin\java.exe
0x00007ff929310000 - 0x00007ff929508000 	C:\Windows\SYSTEM32\ntdll.dll
0x00007ff927490000 - 0x00007ff927552000 	C:\Windows\System32\KERNEL32.DLL
0x00007ff926c50000 - 0x00007ff926f4f000 	C:\Windows\System32\KERNELBASE.dll
0x00007ff9269e0000 - 0x00007ff926ae0000 	C:\Windows\System32\ucrtbase.dll
0x00007ff921cb0000 - 0x00007ff921ccb000 	C:\Program Files\Zulu\zulu-21\bin\VCRUNTIME140.dll
0x00007ff921c60000 - 0x00007ff921c78000 	C:\Program Files\Zulu\zulu-21\bin\jli.dll
0x00007ff927ab0000 - 0x00007ff927c4d000 	C:\Windows\System32\USER32.dll
0x00007ff9269b0000 - 0x00007ff9269d2000 	C:\Windows\System32\win32u.dll
0x00007ff914ce0000 - 0x00007ff914f7a000 	C:\Windows\WinSxS\amd64_microsoft.windows.common-controls_6595b64144ccf1df_6.0.19041.4355_none_60b8b9eb71f62e16\COMCTL32.dll
0x00007ff927810000 - 0x00007ff92783b000 	C:\Windows\System32\GDI32.dll
0x00007ff927a10000 - 0x00007ff927aae000 	C:\Windows\System32\msvcrt.dll
0x00007ff9270b0000 - 0x00007ff9271ca000 	C:\Windows\System32\gdi32full.dll
0x00007ff926f50000 - 0x00007ff926fed000 	C:\Windows\System32\msvcp_win.dll
0x00007ff927720000 - 0x00007ff92774f000 	C:\Windows\System32\IMM32.DLL
0x00007ff923080000 - 0x00007ff92308c000 	C:\Program Files\Zulu\zulu-21\bin\vcruntime140_1.dll
0x00007ff907400000 - 0x00007ff90748e000 	C:\Program Files\Zulu\zulu-21\bin\msvcp140.dll
0x00007ff8abea0000 - 0x00007ff8acc35000 	C:\Program Files\Zulu\zulu-21\bin\server\jvm.dll
0x00007ff927750000 - 0x00007ff9277ff000 	C:\Windows\System32\ADVAPI32.dll
0x00007ff927c50000 - 0x00007ff927cef000 	C:\Windows\System32\sechost.dll
0x00007ff927850000 - 0x00007ff927973000 	C:\Windows\System32\RPCRT4.dll
0x00007ff926b90000 - 0x00007ff926bb7000 	C:\Windows\System32\bcrypt.dll
0x00007ff929260000 - 0x00007ff9292cb000 	C:\Windows\System32\WS2_32.dll
0x00007ff925f40000 - 0x00007ff925f8b000 	C:\Windows\SYSTEM32\POWRPROF.dll
0x00007ff91b6d0000 - 0x00007ff91b6f7000 	C:\Windows\SYSTEM32\WINMM.dll
0x00007ff91fec0000 - 0x00007ff91feca000 	C:\Windows\SYSTEM32\VERSION.dll
0x00007ff925db0000 - 0x00007ff925dc2000 	C:\Windows\SYSTEM32\UMPDC.dll
0x00007ff9251d0000 - 0x00007ff9251e2000 	C:\Windows\SYSTEM32\kernel.appcore.dll
0x00007ff923050000 - 0x00007ff92305a000 	C:\Program Files\Zulu\zulu-21\bin\jimage.dll
0x00007ff924740000 - 0x00007ff924924000 	C:\Windows\SYSTEM32\DBGHELP.DLL
0x00007ff91df00000 - 0x00007ff91df34000 	C:\Windows\SYSTEM32\dbgcore.DLL
0x00007ff926bc0000 - 0x00007ff926c42000 	C:\Windows\System32\bcryptPrimitives.dll
0x00007ff921640000 - 0x00007ff92164f000 	C:\Program Files\Zulu\zulu-21\bin\instrument.dll
0x00007ff9120f0000 - 0x00007ff91210f000 	C:\Program Files\Zulu\zulu-21\bin\java.dll

dbghelp: loaded successfully - version: 4.0.5 - missing functions: none
symbol engine: initialized successfully - sym options: 0x614 - pdb path: .;C:\Program Files\Zulu\zulu-21\bin;C:\Windows\SYSTEM32;C:\Windows\WinSxS\amd64_microsoft.windows.common-controls_6595b64144ccf1df_6.0.19041.4355_none_60b8b9eb71f62e16;C:\Program Files\Zulu\zulu-21\bin\server

VM Arguments:
jvm_args: -javaagent:C:\Program Files\JetBrains\IntelliJ IDEA Community Edition 2024.3.1.1\lib\idea_rt.jar=56330:C:\Program Files\JetBrains\IntelliJ IDEA Community Edition 2024.3.1.1\bin -Dfile.encoding=UTF-8 -Dsun.stdout.encoding=UTF-8 -Dsun.stderr.encoding=UTF-8 
java_command: com.maorbarak.MainKt
java_class_path (initial): D:\dev\VulkanTutorial\build\classes\kotlin\main;D:\dev\VulkanTutorial\build\resources\main;C:\Users\manma\.gradle\caches\modules-2\files-2.1\org.tinylog\tinylog-api-kotlin\2.7.0\d3191c9b3dc7652bc9fcb520d9ac597b324bb85f\tinylog-api-kotlin-2.7.0.jar;C:\Users\manma\.gradle\caches\modules-2\files-2.1\org.joml\joml-primitives\1.10.0\b3ae3ae0dfee0bf5aef9f7964205cca0f3c6ea07\joml-primitives-1.10.0.jar;C:\Users\manma\.gradle\caches\modules-2\files-2.1\org.joml\joml\1.10.7\f8c3f2e7db281bde099342dd36133de4bbba390c\joml-1.10.7.jar;C:\Users\manma\.gradle\caches\modules-2\files-2.1\org.jetbrains.kotlin\kotlin-stdlib\2.0.21\618b539767b4899b4660a83006e052b63f1db551\kotlin-stdlib-2.0.21.jar;C:\Users\manma\.gradle\caches\modules-2\files-2.1\org.lwjgl\lwjgl-assimp\3.3.6\931a8de55dd5ee546689119c85ed4d4af7fa68f2\lwjgl-assimp-3.3.6.jar;C:\Users\manma\.gradle\caches\modules-2\files-2.1\org.lwjgl\lwjgl-glfw\3.3.6\7119f7d0eeb1e5502ff0ca71d2b4d47317da015\lwjgl-glfw-3.3.6.jar;C:\Users\manma\.gradle\caches\modules-2\files-2.1\org.lwjgl\lwjgl-openal\3.3.6\ad313317ff399fd2a7f4dd74716a68cf3976c6ad\lwjgl-openal-3.3.6.jar;C:\Users\manma\.gradle\caches\modules-2\files-2.1\org.lwjgl\lwjgl-shaderc\3.3.6\ab69a0e011f057ed25857c97fa3c87f20ab8f670\lwjgl-shaderc-3.3.6.jar;C:\Users\manma\.gradle\caches\modules-2\files-2.1\org.lwjgl\lwjgl-stb\3.3.6\e2d3739dcfe7b672b626ded66d94f6587083306e\lwjgl-stb-3.3.6.jar;C:\Users\manma\.gradle\caches\modules-2\files-2.1\org.lwjgl\lwjgl-vma\3.3.6\a55b4f132fd488efde8630dff03d5e7b4a69ce3f\lwjgl-vma-3.3.6.jar;C:\Users\manma\.gradle\caches\modules-2\files-2.1\org.lwjgl\lwjgl-vulkan\3.3.6\a403e0931b03b138854bb2ba9c48dab646cba6d8\lwjgl-vulkan-3.3.6.jar;C:\Users\manma\.gradle\caches\modules-2\files-2.1\org.lwjgl\lwjgl\3.3.6\ce7721d30cfaf47feaed10213e0c43eb55c49d68\lwjgl-3.3.6.jar;C:\Users\manma\.gradle\caches\modules-2\files-2.1\org.tinylog\tinylog-impl\2.7.0\46a5d4d50d3302460a5143e51befdb7245ccba5d\tinylog-impl-2.7.0.jar;C:\Users\manma\.gradle\caches\modules-2\files-2.1\org.tinylog\tinylog-api\2.7.0\17875aa7c4acfee6a9e9a83a5d1469cc0411be40\tinylog-api-2.7.0.jar;C:\Users\manma\.gradle\caches\modules-2\files-2.1\org.jetbrains.kotlin\kotlin-stdlib-jdk8\1.8.20\73576ddf378c5b4f1f6b449fe6b119b8183fc078\kotlin-stdlib-jdk8-1.8.20.jar;C:\Users\manma\.gradle\caches\modules-2\files-2.1\org.jetbrains\annotations\13.0\919f0dfe192fb4e063e7dacadee7f8bb9a2672a9\annotations-13.0.jar;C:\Users\manma\.gradle\caches\modules-2\files-2.1\org.jetbrains.kotlin\kotlin-stdlib-jdk7\1.8.20\3aa51faf20aae8b31e1a4bc54f8370673d7b7df4\kotlin-stdlib-jdk7-1.8.20.jar;C:\Users\manma\.gradle\caches\modules-2\files-2.1\org.lwjgl\lwjgl-assimp\3.3.6\486fa1e2db9fc903a0cab984604cef1a895b0e28\lwjgl-assimp-3.3.6-natives-windows.jar;C:\Users\manma\.gradle\caches\modules-2\files-2.1\org.lwjgl\lwjgl-glfw\3.3.6\99ef08056feb9627f90425a4d2a22cd9fae8e39b\lwjgl-glfw-3.3.6-natives-windows.jar;C:\Users\manma\.gradle\caches\modules-2\files-2.1\org.lwjgl\lwjgl-openal\3.3.6\9c2b9b660e085bb0b47a4453dc0e26f24a5475e4\lwjgl-openal-3.3.6-natives-windows.jar;C:\Users\manma\.gradle\caches\modules-2\files-2.1\org.lwjgl\lwjgl-shaderc\3.3.6\6c0358e646419b9f5a15c79df5b369eee6ea5a0c\lwjgl-shaderc-3.3.6-natives-windows.jar;C:\Users\manma\.gradle\caches\modules-2\files-2.1\org.lwjgl\lwjgl-stb\3.3.6\334cf885b39e2db9070c39e70e65efb136435f10\lwjgl-stb-3.3.6-natives-windows.jar;C:\Users\manma\.gradle\caches\modules-2\files-2.1\org.lwjgl\lwjgl-vma\3.3.6\64e2c6d91151770c82575d92731fc6ef1f21ed7\lwjgl-vma-3.3.6-natives-windows.jar;C:\Users\manma\.gradle\caches\modules-2\files-2.1\org.lwjgl\lwjgl\3.3.6\9a29b6a22fc5184604b8cb434ee5d5ecc4bfcbee\lwjgl-3.3.6-natives-windows.jar
Launcher Type: SUN_STANDARD

[Global flags]
     intx CICompilerCount                          = 4                                         {product} {ergonomic}
     uint ConcGCThreads                            = 3                                         {product} {ergonomic}
     uint G1ConcRefinementThreads                  = 10                                        {product} {ergonomic}
   size_t G1HeapRegionSize                         = 2097152                                   {product} {ergonomic}
    uintx GCDrainStackTargetSize                   = 64                                        {product} {ergonomic}
   size_t InitialHeapSize                          = 266338304                                 {product} {ergonomic}
   size_t MarkStackSize                            = 4194304                                   {product} {ergonomic}
   size_t MaxHeapSize                              = 4257218560                                {product} {ergonomic}
   size_t MinHeapDeltaBytes                        = 2097152                                   {product} {ergonomic}
   size_t MinHeapSize                              = 8388608                                   {product} {ergonomic}
    uintx NonNMethodCodeHeapSize                   = 5839372                                {pd product} {ergonomic}
    uintx NonProfiledCodeHeapSize                  = 122909434                              {pd product} {ergonomic}
    uintx ProfiledCodeHeapSize                     = 122909434                              {pd product} {ergonomic}
    uintx ReservedCodeCacheSize                    = 251658240                              {pd product} {ergonomic}
     bool SegmentedCodeCache                       = true                                      {product} {ergonomic}
   size_t SoftMaxHeapSize                          = 4257218560                             {manageable} {ergonomic}
     bool UseCompressedOops                        = true                           {product lp64_product} {ergonomic}
     bool UseG1GC                                  = true                                      {product} {ergonomic}
     bool UseLargePagesIndividualAllocation        = false                                  {pd product} {ergonomic}

Logging:
Log output configuration:
 #0: stdout all=warning uptime,level,tags foldmultilines=false
 #1: stderr all=off uptime,level,tags foldmultilines=false

Environment Variables:
JAVA_HOME=C:\Program Files\Zulu\zulu-21\
PATH=C:\Program Files (x86)\Common Files\Oracle\Java\java8path;C:\Program Files (x86)\Common Files\Oracle\Java\javapath;C:\Program Files\Zulu\zulu-21\bin\;C:\Windows\system32;C:\Windows;C:\Windows\System32\Wbem;C:\Windows\System32\WindowsPowerShell\v1.0\;C:\Windows\System32\OpenSSH\;C:\Program Files\NVIDIA Corporation\NVIDIA NvDLISR;C:\Program Files (x86)\NVIDIA Corporation\PhysX\Common;C:\Program Files\dotnet\;C:\Program Files\Git\cmd;C:\Users\manma\AppData\Local\Microsoft\WindowsApps;C:\Users\manma\.dotnet\tools;C:\Program Files\JetBrains\IntelliJ IDEA Community Edition 2024.3.1.1\bin;
USERNAME=manma
OS=Windows_NT
PROCESSOR_IDENTIFIER=Intel64 Family 6 Model 158 Stepping 10, GenuineIntel
TMP=C:\Users\manma\AppData\Local\Temp
TEMP=C:\Users\manma\AppData\Local\Temp




Periodic native trim disabled

---------------  S Y S T E M  ---------------

OS:
 Windows 10 , 64 bit Build 19041 (10.0.19041.5438)
OS uptime: 9 days 14:05 hours

CPU: total 12 (initial active 12) (6 cores per cpu, 2 threads per core) family 6 model 158 stepping 10 microcode 0xca, cx8, cmov, fxsr, ht, mmx, 3dnowpref, sse, sse2, sse3, ssse3, sse4.1, sse4.2, popcnt, lzcnt, tsc, tscinvbit, avx, avx2, aes, erms, clmul, bmi1, bmi2, adx, fma, vzeroupper, clflush, clflushopt, rdtscp, f16c
Processor Information for all 12 processors :
  Max Mhz: 2208, Current Mhz: 2208, Mhz Limit: 2208

Memory: 4k page, system-wide physical 16234M (661M free)
TotalPageFile size 31414M (AvailPageFile size 100M)
current process WorkingSet (physical memory assigned to process): 10M, peak: 10M
current process commit charge ("private bytes"): 64M, peak: 318M

vm_info: OpenJDK 64-Bit Server VM (21.0.2+13-LTS) for windows-amd64 JRE (21.0.2+13-LTS) (Zulu21.32+17-CA), built on 2024-01-09T19:19:09Z by "zulu_re" with MS VC++ 17.1 (VS2022)

END.
